NotePad/code/build/intermediates/manifest_merge_blame_file/debug/manifest-merger-blame-debug-report.txt
1<?xml version="1.0" encoding="utf-8"?>
2<manifest xmlns:android="http://schemas.android.com/apk/res/android"
3    package="com.example.android.notepad" >
4
5    <uses-sdk
6        android:minSdkVersion="15"
6-->src\main\AndroidManifest.xml
7        android:targetSdkVersion="29" />
7-->src\main\AndroidManifest.xml
8
9    <application
9-->src\main\AndroidManifest.xml:6:5-132:19
10        android:appComponentFactory="android.support.v4.app.CoreComponentFactory"
10-->[com.android.support:support-compat:28.0.0] AndroidManifest.xml:22:18-91
11        android:debuggable="true"
12        android:icon="@drawable/app_notes"
12-->src\main\AndroidManifest.xml:7:9-43
13        android:label="@string/app_name"
13-->src\main\AndroidManifest.xml:8:9-41
14        android:testOnly="true" >
15        <activity
15-->src\main\AndroidManifest.xml:9:9-11:20
16            android:name="com.example.android.notepad.NoteSearch"
16-->src\main\AndroidManifest.xml:9:19-45
17            android:label="@string/title_notes_search" >
17-->src\main\AndroidManifest.xml:10:13-55
18        </activity>
19
20        <provider
20-->src\main\AndroidManifest.xml:13:9-18:20
21            android:name="com.example.android.notepad.NotePadProvider"
21-->src\main\AndroidManifest.xml:14:13-44
22            android:authorities="com.google.provider.NotePad"
22-->src\main\AndroidManifest.xml:15:13-62
23            android:exported="false" >
23-->src\main\AndroidManifest.xml:16:13-37
24            <grant-uri-permission android:pathPattern=".*" />
24-->src\main\AndroidManifest.xml:17:13-62
24-->src\main\AndroidManifest.xml:17:35-59
25        </provider>
26
27        <activity
27-->src\main\AndroidManifest.xml:20:9-46:20
28            android:name="com.example.android.notepad.NotesList"
28-->src\main\AndroidManifest.xml:21:13-38
29            android:label="@string/title_notes_list" >
29-->src\main\AndroidManifest.xml:22:13-53
30            <intent-filter>
30-->src\main\AndroidManifest.xml:23:13-27:29
31                <action android:name="android.intent.action.MAIN" />
31-->src\main\AndroidManifest.xml:24:17-69
31-->src\main\AndroidManifest.xml:24:25-66
32
33                <category android:name="android.intent.category.LAUNCHER" />
33-->src\main\AndroidManifest.xml:26:17-77
33-->src\main\AndroidManifest.xml:26:27-74
34            </intent-filter>
35            <intent-filter
35-->src\main\AndroidManifest.xml:28:13-38:29
36                android:label="@string/resolve_title"
36-->src\main\AndroidManifest.xml:28:28-65
37                android:scheme="http" >
37-->src\main\AndroidManifest.xml:29:17-38
38                <action android:name="android.intent.action.VIEW" />
38-->src\main\AndroidManifest.xml:31:17-69
38-->src\main\AndroidManifest.xml:31:25-66
39                <action android:name="android.intent.action.EDIT" />
39-->src\main\AndroidManifest.xml:32:17-69
39-->src\main\AndroidManifest.xml:32:25-66
40                <action android:name="android.intent.action.PICK" />
40-->src\main\AndroidManifest.xml:33:17-69
40-->src\main\AndroidManifest.xml:33:25-66
41
42                <category android:name="android.intent.category.DEFAULT" />
42-->src\main\AndroidManifest.xml:35:17-76
42-->src\main\AndroidManifest.xml:35:27-73
43
44                <data android:mimeType="vnd.android.cursor.dir/vnd.google.note" />
44-->src\main\AndroidManifest.xml:37:17-83
44-->src\main\AndroidManifest.xml:37:23-80
45            </intent-filter>
46            <intent-filter>
46-->src\main\AndroidManifest.xml:39:13-45:29
47                <action android:name="android.intent.action.GET_CONTENT" />
47-->src\main\AndroidManifest.xml:40:17-76
47-->src\main\AndroidManifest.xml:40:25-73
48
49                <category android:name="android.intent.category.DEFAULT" />
49-->src\main\AndroidManifest.xml:35:17-76
49-->src\main\AndroidManifest.xml:35:27-73
50
51                <data android:mimeType="vnd.android.cursor.item/vnd.google.note" />
51-->src\main\AndroidManifest.xml:37:17-83
51-->src\main\AndroidManifest.xml:37:23-80
52            </intent-filter>
53        </activity>
54        <activity
54-->src\main\AndroidManifest.xml:47:9-83:20
55            android:name="com.example.android.notepad.NoteEditor"
55-->src\main\AndroidManifest.xml:48:13-39
56            android:configChanges="keyboardHidden|orientation"
56-->src\main\AndroidManifest.xml:49:13-63
57            android:screenOrientation="sensor"
57-->src\main\AndroidManifest.xml:50:13-47
58            android:theme="@android:style/Theme.Holo.Light" >
58-->src\main\AndroidManifest.xml:51:13-60
59
60            <!--
61                 This filter says that we can view or edit the data of
62                 a single note
63            -->
64            <intent-filter
64-->src\main\AndroidManifest.xml:57:13-67:29
65                android:label="@string/resolve_edit"
65-->src\main\AndroidManifest.xml:57:28-64
66                android:scheme="http" >
66-->src\main\AndroidManifest.xml:58:17-38
67                <action android:name="android.intent.action.VIEW" />
67-->src\main\AndroidManifest.xml:31:17-69
67-->src\main\AndroidManifest.xml:31:25-66
68                <action android:name="android.intent.action.EDIT" />
68-->src\main\AndroidManifest.xml:32:17-69
68-->src\main\AndroidManifest.xml:32:25-66
69                <action android:name="com.android.notepad.action.EDIT_NOTE" />
69-->src\main\AndroidManifest.xml:62:17-79
69-->src\main\AndroidManifest.xml:62:25-76
70
71                <category android:name="android.intent.category.DEFAULT" />
71-->src\main\AndroidManifest.xml:35:17-76
71-->src\main\AndroidManifest.xml:35:27-73
72
73                <data android:mimeType="vnd.android.cursor.item/vnd.google.note" />
73-->src\main\AndroidManifest.xml:37:17-83
73-->src\main\AndroidManifest.xml:37:23-80
74            </intent-filter>
75
76            <!--
77                 This filter says that we can create a new note inside
78                 of a directory of notes.  The INSERT action creates an
79                 empty note; the PASTE action initializes a new note from
80                 the current contents of the clipboard.
81            -->
82            <intent-filter>
82-->src\main\AndroidManifest.xml:75:13-82:29
83                <action android:name="android.intent.action.INSERT" />
83-->src\main\AndroidManifest.xml:76:17-71
83-->src\main\AndroidManifest.xml:76:25-68
84                <action android:name="android.intent.action.PASTE" />
84-->src\main\AndroidManifest.xml:77:17-70
84-->src\main\AndroidManifest.xml:77:25-67
85
86                <category android:name="android.intent.category.DEFAULT" />
86-->src\main\AndroidManifest.xml:35:17-76
86-->src\main\AndroidManifest.xml:35:27-73
87
88                <data android:mimeType="vnd.android.cursor.dir/vnd.google.note" />
88-->src\main\AndroidManifest.xml:37:17-83
88-->src\main\AndroidManifest.xml:37:23-80
89            </intent-filter>
90        </activity>
91        <activity
91-->src\main\AndroidManifest.xml:84:9-120:20
92            android:name="com.example.android.notepad.TitleEditor"
92-->src\main\AndroidManifest.xml:85:13-40
93            android:icon="@drawable/ic_menu_edit"
93-->src\main\AndroidManifest.xml:86:13-50
94            android:label="@string/title_edit_title"
94-->src\main\AndroidManifest.xml:87:13-53
95            android:theme="@android:style/Theme.Holo.Dialog"
95-->src\main\AndroidManifest.xml:88:13-61
96            android:windowSoftInputMode="stateVisible" >
96-->src\main\AndroidManifest.xml:89:13-55
97
98            <!--
99                 This activity implements an alternative action that can be
100                 performed on notes: editing their title.  It can be used as
101                 a default operation if the user invokes this action, and is
102                 available as an alternative action for any note data.
103            -->
104            <intent-filter android:label="@string/resolve_title" >
104-->src\main\AndroidManifest.xml:97:13-119:29
104-->src\main\AndroidManifest.xml:97:28-65
105
106                <!--
107                     This is the action we perform.  It is a custom action we
108                     define for our application, not a generic VIEW or EDIT
109                     action since we are not a general note viewer/editor.
110                -->
111                <action android:name="com.android.notepad.action.EDIT_TITLE" />
111-->src\main\AndroidManifest.xml:104:17-80
111-->src\main\AndroidManifest.xml:104:25-77
112                <!-- DEFAULT: execute if being directly invoked. -->
113                <category android:name="android.intent.category.DEFAULT" />
113-->src\main\AndroidManifest.xml:35:17-76
113-->src\main\AndroidManifest.xml:35:27-73
114                <!--
115                     ALTERNATIVE: show as an alternative action when the user is
116                     working with this type of data.
117                -->
118                <category android:name="android.intent.category.ALTERNATIVE" />
118-->src\main\AndroidManifest.xml:111:17-80
118-->src\main\AndroidManifest.xml:111:27-77
119                <!--
120                     SELECTED_ALTERNATIVE: show as an alternative action the user
121                     can perform when selecting this type of data.
122                -->
123                <category android:name="android.intent.category.SELECTED_ALTERNATIVE" />
123-->src\main\AndroidManifest.xml:116:17-89
123-->src\main\AndroidManifest.xml:116:27-86
124                <!-- This is the data type we operate on. -->
125                <data android:mimeType="vnd.android.cursor.item/vnd.google.note" />
125-->src\main\AndroidManifest.xml:37:17-83
125-->src\main\AndroidManifest.xml:37:23-80
126            </intent-filter>
127        </activity>
128        <activity
128-->src\main\AndroidManifest.xml:121:9-130:20
129            android:name="com.example.android.notepad.NotesLiveFolder"
129-->src\main\AndroidManifest.xml:122:13-44
130            android:icon="@drawable/live_folder_notes"
130-->src\main\AndroidManifest.xml:123:13-55
131            android:label="@string/live_folder_name" >
131-->src\main\AndroidManifest.xml:124:13-53
132            <intent-filter>
132-->src\main\AndroidManifest.xml:125:13-129:29
133                <action android:name="android.intent.action.CREATE_LIVE_FOLDER" />
133-->src\main\AndroidManifest.xml:126:17-83
133-->src\main\AndroidManifest.xml:126:25-80
134
135                <category android:name="android.intent.category.DEFAULT" />
135-->src\main\AndroidManifest.xml:35:17-76
135-->src\main\AndroidManifest.xml:35:27-73
136            </intent-filter>
137        </activity>
138    </application>
139
140</manifest>